-------------------------------------------------------------------------------
Test set: com.hse.onlinestore.controllers.ProductControllerTests
-------------------------------------------------------------------------------
Tests run: 5, Failures: 1, Errors: 0, Skipped: 0, Time elapsed: 0.124 s <<< FAILURE! - in com.hse.onlinestore.controllers.ProductControllerTests
getProductTest  Time elapsed: 0.013 s  <<< FAILURE!
java.lang.AssertionError: Status expected:<200> but was:<404>
	at com.hse.onlinestore.controllers.ProductControllerTests.getProductTest(ProductControllerTests.java:63)

