<?xml version="1.0" encoding="UTF-8"?>
<testsuite xmlns:xsi="http://www.w3.org/2001/XMLSchema-instance" xsi:noNamespaceSchemaLocation="https://maven.apache.org/surefire/maven-surefire-plugin/xsd/surefire-test-report.xsd" name="com.hse.onlinestore.services.ProductServiceTest" time="1.074" tests="5" errors="0" skipped="0" failures="0">
  <properties>
[...]
</properties>
  <testcase name="deleteProductTest" classname="com.hse.onlinestore.services.ProductServiceTest" time="0.029"/>
  <testcase name="editProductTest" classname="com.hse.onlinestore.services.ProductServiceTest" time="0.026"/>
  <testcase name="saveProductInUsdTest" classname="com.hse.onlinestore.services.ProductServiceTest" time="0.007"/>
  <testcase name="listProductTest" classname="com.hse.onlinestore.services.ProductServiceTest" time="0.013"/>
  <testcase name="saveProductInEuroTest" classname="com.hse.onlinestore.services.ProductServiceTest" time="0.007"/>
</testsuite>